<?xml version="1.0" encoding="UTF-8"?>
<!-- Generated by org.testng.reporters.JUnitXMLReporter -->
<testsuite hostname="Nagendra-Yoga" ignored="0" name="Validating User login" tests="5" failures="0" timestamp="13 Aug 2021 22:54:00 GMT" time="78.26" errors="0">
  <testcase name="TC_verifyLoginPageTitle" time="14.124" classname="com.DollarDays.testCases.LoginPageTest"/>
  <testcase name="TC_verifyLoginPageMandatoryfields" time="0.427" classname="com.DollarDays.testCases.LoginPageTest"/>
  <testcase name="TC_verifyForgotEmailPasswordLink" time="2.558" classname="com.DollarDays.testCases.LoginPageTest"/>
  <testcase name="TC_verifyCreateAccountButton" time="12.028" classname="com.DollarDays.testCases.LoginPageTest"/>
  <testcase name="TC_logintoDD" time="20.354" classname="com.DollarDays.testCases.LoginPageTest"/>
</testsuite> <!-- Validating User login -->
