<?xml version="1.0" encoding="UTF-8"?>
<!-- Generated by org.testng.reporters.JUnitXMLReporter -->
<testsuite hostname="Nagendra-Yoga" ignored="0" name="Validating homePage After User is Signed in " tests="18" failures="0" timestamp="2021-07-20T10:25:06 PDT" time="116.502" errors="0">
  <testcase name="TC_verifyLoginPageTitle" time="13.564" classname="com.DollarDays.testCases.LoginPageTest"/>
  <testcase name="TC_verifyLoginPageMandatoryfields" time="0.211" classname="com.DollarDays.testCases.LoginPageTest"/>
  <testcase name="TC_verifyForgotEmailPasswordLink" time="1.81" classname="com.DollarDays.testCases.LoginPageTest"/>
  <testcase name="TC_verifyCreateAccountButton" time="3.406" classname="com.DollarDays.testCases.LoginPageTest"/>
  <testcase name="TC_Login" time="15.89" classname="com.DollarDays.testCases.HomePageAfterSigninTest"/>
  <testcase name="TC_verifyUserHomePageTitle" time="0.009" classname="com.DollarDays.testCases.HomePageAfterSigninTest"/>
  <testcase name="TC_CheckUserDropDownList" time="0.658" classname="com.DollarDays.testCases.HomePageAfterSigninTest"/>
  <testcase name="TC_logintoDD" time="13.394" classname="com.DollarDays.testCases.LoginPageTest"/>
  <testcase name="TC_verifyUserDropDownUrl" time="7.668" classname="com.DollarDays.testCases.HomePageAfterSigninTest"/>
  <testcase name="TC_verifyUserDropDownUrl" time="7.091" classname="com.DollarDays.testCases.HomePageAfterSigninTest"/>
  <testcase name="TC_verifyUserDropDownUrl" time="4.395" classname="com.DollarDays.testCases.HomePageAfterSigninTest"/>
  <testcase name="TC_verifyUserDropDownUrl" time="4.338" classname="com.DollarDays.testCases.HomePageAfterSigninTest"/>
  <testcase name="TC_verifyUserDropDownUrl" time="5.517" classname="com.DollarDays.testCases.HomePageAfterSigninTest"/>
  <testcase name="TC_verifyUserDropDownUrl" time="3.458" classname="com.DollarDays.testCases.HomePageAfterSigninTest"/>
  <testcase name="TC_verifyUserDropDownUrl" time="5.609" classname="com.DollarDays.testCases.HomePageAfterSigninTest"/>
  <testcase name="TC_verifyUserDropDownUrl" time="5.122" classname="com.DollarDays.testCases.HomePageAfterSigninTest"/>
  <testcase name="TC_verifyUserDropDownUrl" time="4.806" classname="com.DollarDays.testCases.HomePageAfterSigninTest"/>
  <testcase name="TC_verifyUserDropDownUrl" time="5.148" classname="com.DollarDays.testCases.HomePageAfterSigninTest"/>
</testsuite> <!-- Validating homePage After User is Signed in  -->
