<?xml version="1.0" encoding="UTF-8"?>
<testsuite xmlns:xsi="http://www.w3.org/2001/XMLSchema-instance" xsi:noNamespaceSchemaLocation="https://maven.apache.org/surefire/maven-surefire-plugin/xsd/surefire-test-report-3.0.xsd" version="3.0" name="TestSuite" time="373.715" tests="27" errors="0" skipped="0" failures="3">
  <properties>
[...]
</properties>
  <testcase name="TC_verifyLoginPageTitle" classname="com.DollarDays.testCases.LoginPageTest" time="6.272">
    <system-out><![CDATA[ chrome setup
 chrome setup
 chrome setup
]]></system-out>
    <system-err><![CDATA[Starting ChromeDriver 91.0.4472.101 (af52a90bf87030dd1523486a1cd3ae25c5d76c9b-refs/branch-heads/4472@{#1462}) on port 30846
Only local conneSctatriotinsn g aCrhe roalmleoDwerdi.ve
r Pl91e.a0se. 4s4e7e2 .h1t0t1p (sa:f/5/2ac9h0rbof8m7e0d3r0iddv1e5r23.4c8h6rao1mcidu3ma.eo2r5g/c5sde7c6ucr9ityb--croenfss/idberarancthi-ohnsea dfosr/ 44su72gg@{e#s1ti46o2ns} )o on n kpeeopritn 9g 8C47hro
OmneDlyri lvoerca sla fceon.ne
ctions are allowed.
Please see https://chromedriver.chromium.org/security-considerations for suggestions on keeping ChromeDriver safe.
Starting ChromeDriver 91.0.4472.101 (af52a90bf87030dd1523486a1cd3ae25c5d76c9b-refs/branch-heads/4472@{#1462}) on ChproomeDrritv e3r6 6w00a
sO nlsy tloacarl tcoenndec tsiounsc acree sasllfowuedl.ly
P.lea
se see https://chromedriver.chromium.org/security-considerations for suggestions on keeping ChromeDriver safe.
ChromeDriver was started successfully.
ChromeDriver was started successfully.
Jul 20, 2021 10:23:12 AM org.openqa.selenium.remote.ProtocolHandshake createSession
INFO: Detected dialect: W3C
Jul 20, 2021 10:23:12 AM org.openqa.selenium.remote.ProtocolHandshake createSession
INFO: Detected dialect: W3C
Jul 20, 2021 10:23:13 AM org.openqa.selenium.remote.ProtocolHandshake createSession
INFO: Detected dialect: W3C
]]></system-err>
  </testcase>
  <testcase name="TC_verifyLoginPageMandatoryfields" classname="com.DollarDays.testCases.LoginPageTest" time="0.211"/>
  <testcase name="TC_verifyForgotEmailPasswordLink" classname="com.DollarDays.testCases.LoginPageTest" time="1.808"/>
  <testcase name="TC_verifyCreateAccountButton" classname="com.DollarDays.testCases.LoginPageTest" time="0.503"/>
  <testcase name="TC_logintoDD" classname="com.DollarDays.testCases.LoginPageTest" time="3.396"/>
  <testcase name="TC_loginDDT[team6testing@gmail.com, password123, gmss t., Valid](1)" classname="com.DollarDays.testCases.LoginDataDriverTest" time="2.024"/>
  <testcase name="TC_loginDDT[user123@gmail.com, pwd2, user 1, Valid](2)" classname="com.DollarDays.testCases.LoginDataDriverTest" time="3.098">
    <failure message="Could not sign in to DollarDays with valid user user123@gmail.com and valid password pwd2. TestCase Failed. expected [true] but found [false]" type="java.lang.AssertionError"><![CDATA[java.lang.AssertionError: Could not sign in to DollarDays with valid user user123@gmail.com and valid password pwd2. TestCase Failed. expected [true] but found [false]
	at com.DollarDays.testCases.LoginDataDriverTest.TC_loginDDT(LoginDataDriverTest.java:80)
]]></failure>
  </testcase>
  <testcase name="TC_loginDDT[user3, pwd3, user 3, Invalid](3)" classname="com.DollarDays.testCases.LoginDataDriverTest" time="0.094"/>
  <testcase name="TC_loginDDT[, , , Invalid](4)" classname="com.DollarDays.testCases.LoginDataDriverTest" time="1.098"/>
  <testcase name="TC_loginDDT[user4, pwd4, user 4, Invalid](5)" classname="com.DollarDays.testCases.LoginDataDriverTest" time="3.076">
    <system-out><![CDATA[WebPage is closed
]]></system-out>
  </testcase>
  <testcase name="TC_loginDDT[user5, , , Invalid](6)" classname="com.DollarDays.testCases.LoginDataDriverTest" time="0.616"/>
  <testcase name="TC_loginDDT[, pwd6, , Invalid](7)" classname="com.DollarDays.testCases.LoginDataDriverTest" time="0.795"/>
  <testcase name="TC_loginDDT[srikanthtesting100@gmail.com, password123, srikanth s., Invalid](8)" classname="com.DollarDays.testCases.LoginDataDriverTest" time="3.408">
    <failure message="Signed  in to DollarDays successfully with invalid user srikanthtesting100@gmail.com and invalid password password123. Testcase failed. expected [false] but found [true]" type="java.lang.AssertionError"><![CDATA[java.lang.AssertionError: Signed  in to DollarDays successfully with invalid user srikanthtesting100@gmail.com and invalid password password123. Testcase failed. expected [false] but found [true]
	at com.DollarDays.testCases.LoginDataDriverTest.TC_loginDDT(LoginDataDriverTest.java:90)
]]></failure>
  </testcase>
  <testcase name="TC_loginDDT[team6testing@gmail.com, password123, gmss t., Valid](9)" classname="com.DollarDays.testCases.LoginDataDriverTest" time="261.602">
    <failure message="Could not sign in to DollarDays with valid user team6testing@gmail.com and valid password password123. TestCase Failed. expected [true] but found [false]" type="java.lang.AssertionError"><![CDATA[java.lang.AssertionError: Could not sign in to DollarDays with valid user team6testing@gmail.com and valid password password123. TestCase Failed. expected [true] but found [false]
	at com.DollarDays.testCases.LoginDataDriverTest.TC_loginDDT(LoginDataDriverTest.java:71)
]]></failure>
    <system-out><![CDATA[WebPage is closed.
NoSuchElementException  Proxy element for: DefaultElementLocator 'By.linkText: Sign In' This WebElement is not present/displayed. 
NoSuchElementException  Proxy element for: DefaultElementLocator 'By.id: inputLoginUsername' This WebElement is not present/displayed. 
NoSuchElementException  Proxy element for: DefaultElementLocator 'By.id: inputLoginPassword' This WebElement is not present/displayed. 
NoSuchElementException  Proxy element for: DefaultElementLocator 'By.xpath: //*[@id="aspnetForm"]/div[5]/div/div/div/div[2]/div/div[1]/div/div/div[4]/button' This WebElement is not present/displayed. 
]]></system-out>
  </testcase>
  <testcase name="TC_Login" classname="com.DollarDays.testCases.HomePageAfterSigninTest" time="0.097"/>
  <testcase name="TC_verifyUserHomePageTitle" classname="com.DollarDays.testCases.HomePageAfterSigninTest" time="0.01"/>
  <testcase name="TC_CheckUserDropDownList" classname="com.DollarDays.testCases.HomePageAfterSigninTest" time="0.658"/>
  <testcase name="TC_verifyUserDropDownUrl[Accounts](1)" classname="com.DollarDays.testCases.HomePageAfterSigninTest" time="0.074"/>
  <testcase name="TC_verifyUserDropDownUrl[Order History](2)" classname="com.DollarDays.testCases.HomePageAfterSigninTest" time="4.29"/>
  <testcase name="TC_verifyUserDropDownUrl[Favorites](3)" classname="com.DollarDays.testCases.HomePageAfterSigninTest" time="2.913"/>
  <testcase name="TC_verifyUserDropDownUrl[Update Profile](4)" classname="com.DollarDays.testCases.HomePageAfterSigninTest" time="4.339"/>
  <testcase name="TC_verifyUserDropDownUrl[Address Book](5)" classname="com.DollarDays.testCases.HomePageAfterSigninTest" time="5.516"/>
  <testcase name="TC_verifyUserDropDownUrl[Wallet](6)" classname="com.DollarDays.testCases.HomePageAfterSigninTest" time="3.458"/>
  <testcase name="TC_verifyUserDropDownUrl[Tax Exempt](7)" classname="com.DollarDays.testCases.HomePageAfterSigninTest" time="5.609"/>
  <testcase name="TC_verifyUserDropDownUrl[Request a Quote](8)" classname="com.DollarDays.testCases.HomePageAfterSigninTest" time="5.122"/>
  <testcase name="TC_verifyUserDropDownUrl[Contact Us](9)" classname="com.DollarDays.testCases.HomePageAfterSigninTest" time="4.807"/>
  <testcase name="TC_verifyUserDropDownUrl[Sign Out](10)" classname="com.DollarDays.testCases.HomePageAfterSigninTest" time="5.154">
    <system-out><![CDATA[NoSuchElementException  Proxy element for: DefaultElementLocator 'By.linkText: Sign Out' This WebElement is not present/displayed. 
]]></system-out>
  </testcase>
</testsuite>